<?xml version="1.0" encoding="UTF-8"?>
<!-- Generated by org.testng.reporters.JUnitReportReporter -->
<testsuite skipped="1" hostname="LAPTOP-9HTEE13B" name="TestRunner.Runner" tests="1" failures="0" timestamp="2022-04-26T20:21:36 IST" time="0.662" errors="0">
  <testcase name="runScenario" time="0.662" classname="TestRunner.Runner">
    <skipped/>
  </testcase> <!-- runScenario -->
  <system-out/>
</testsuite> <!-- TestRunner.Runner -->
