<?xml version="1.0" encoding="UTF-8"?>
<!-- Generated by org.testng.reporters.JUnitReportReporter -->
<testsuite skipped="0" hostname="DESKTOP-LLLGMOJ" name="runner.TestRunner" tests="7" failures="0" timestamp="2021-10-27T21:29:01 IST" time="87.476" errors="0">
  <testcase name="runScenario" time="8.749" classname="runner.TestRunner"/>
  <system-out/>
  <testcase name="runScenario" time="13.231" classname="runner.TestRunner"/>
  <system-out/>
  <testcase name="runScenario" time="13.312" classname="runner.TestRunner"/>
  <system-out/>
  <testcase name="runScenario" time="17.728" classname="runner.TestRunner"/>
  <system-out/>
  <testcase name="runScenario" time="16.010" classname="runner.TestRunner"/>
  <system-out/>
  <testcase name="runScenario" time="8.744" classname="runner.TestRunner"/>
  <system-out/>
  <testcase name="runScenario" time="9.702" classname="runner.TestRunner"/>
  <system-out/>
</testsuite> <!-- runner.TestRunner -->
